<?xml version="1.0" encoding="UTF-8"?>
<testsuite name="com.ll.level0.p120906.Tests" tests="1" skipped="0" failures="0" errors="0" timestamp="2023-03-07T01:40:08" hostname="DESKTOP-6JNF680" time="0.05">
  <properties/>
  <testcase name="1234=&gt;10" classname="com.ll.level0.p120906.Tests" time="0.05"/>
  <system-out><![CDATA[]]></system-out>
  <system-err><![CDATA[]]></system-err>
</testsuite>
